<?xml version="1.0" encoding="UTF-8"?>
<testng-results ignored="0" total="1" passed="1" failed="0" skipped="0">
  <reporter-output>
  </reporter-output>
  <suite started-at="2023-12-19T15:31:58 IST" name="Default suite" finished-at="2023-12-19T15:31:58 IST" duration-ms="272">
    <groups>
    </groups>
    <test started-at="2023-12-19T15:31:58 IST" name="Default test" finished-at="2023-12-19T15:31:58 IST" duration-ms="272">
      <class name="matexScraping.MatexScraping.MCA_ID_check">
        <test-method is-config="true" signature="main()[pri:0, instance:matexScraping.MatexScraping.MCA_ID_check@34f6515b]" started-at="2023-12-19T15:31:58 IST" name="main" finished-at="2023-12-19T15:31:58 IST" duration-ms="78" status="PASS">
          <reporter-output>
          </reporter-output>
        </test-method> <!-- main -->
        <test-method signature="Excel_Read()[pri:0, instance:matexScraping.MatexScraping.MCA_ID_check@34f6515b]" started-at="2023-12-19T15:31:58 IST" name="Excel_Read" finished-at="2023-12-19T15:31:58 IST" duration-ms="18" status="PASS">
          <reporter-output>
          </reporter-output>
        </test-method> <!-- Excel_Read -->
      </class> <!-- matexScraping.MatexScraping.MCA_ID_check -->
    </test> <!-- Default test -->
  </suite> <!-- Default suite -->
</testng-results>
